
[2m> [22m[2mnx run[22m gateway-gaming:build

[2m> [22mnext build

node.exe : [baseline-browser-mapping] The data in this module is over two 
months old.  To ensure accurate Baseline data, please update: `npm i 
baseline-browser-mapping@latest -D`
At C:\Program Files\nodejs\npx.ps1:29 char:3
+   & $NODE_EXE $NPX_CLI_JS $args
+   ~~~~~~~~~~~~~~~~~~~~~~~~~~~~~
    + CategoryInfo          : NotSpecified: ([baseline-brows...ping@latest 
    -D`:String) [], RemoteException
    + FullyQualifiedErrorId : NativeCommandError
 

> Build error occurred
Error: Configuring Next.js via 'next.config.cjs' is not supported. Please 
replace the file with 'next.config.js', 'next.config.mjs', or 
'next.config.ts'.
    at [3mignore-listed frames[23m

[2m[31m[39m[22m

[7m[1m[31m NX [39m[22m[27m  [31mRunning target [1mbuild[22m for project gateway-gaming failed[39m

[2mFailed tasks:[22m

[2m-[22m gateway-gaming:build

[2mHint: run the command with[22m --verbose [2mfor more details.[22m

Warning: command "next build" exited with non-zero status code
